<?xml version="1.0" encoding="UTF-8"?>
<!-- Generated by org.testng.reporters.JUnitReportReporter -->
<testsuite hostname="L-TEC-ERP-073" failures="0" tests="1" name="restAssuredTestPractice.TestFromMyJsonServer" time="1.254" errors="0" timestamp="2021-02-27T11:40:38 BDT" skipped="0">
  <testcase classname="restAssuredTestPractice.TestFromMyJsonServer" name="test_3_patch" time="1.254"/>
  <system-out/>
</testsuite> <!-- restAssuredTestPractice.TestFromMyJsonServer -->
