<?xml version="1.0" encoding="UTF-8"?>
<!-- Generated by org.testng.reporters.JUnitReportReporter -->
<testsuite hostname="L-TEC-ERP-073" failures="0" tests="2" name="restAssuredTestPractice.RestAssuredTestPracticeLession1" time="2.404" errors="0" timestamp="2021-02-02T19:39:59 BDT" skipped="0">
  <testcase classname="restAssuredTestPractice.RestAssuredTestPracticeLession1" name="test_02" time="0.670"/>
  <system-out/>
  <testcase classname="restAssuredTestPractice.RestAssuredTestPracticeLession1" name="test_01" time="1.734"/>
  <system-out/>
</testsuite> <!-- restAssuredTestPractice.RestAssuredTestPracticeLession1 -->
