<?xml version="1.0" encoding="UTF-8"?>
<!-- Generated by org.testng.reporters.JUnitReportReporter -->
<testsuite hostname="L-TEC-ERP-073" failures="0" tests="1" name="restAssuredTestPractice.TestPost" time="3.347" errors="0" timestamp="2021-02-02T21:05:29 BDT" skipped="0">
  <testcase classname="restAssuredTestPractice.TestPost" name="test_1_Post" time="3.347"/>
  <system-out/>
</testsuite> <!-- restAssuredTestPractice.TestPost -->
