<?xml version="1.0" encoding="UTF-8"?>
<!-- Generated by org.testng.reporters.JUnitReportReporter -->
<testsuite hostname="L-TEC-ERP-073" failures="0" tests="6" name="restAssuredTestPractice.Tests_GET" time="8.522" errors="0" timestamp="2021-02-02T21:23:54 BDT" skipped="0">
  <testcase classname="restAssuredTestPractice.Tests_GET" name="test_4_PUT" time="0.684"/>
  <system-out/>
  <testcase classname="restAssuredTestPractice.Tests_GET" name="test_3_POST" time="0.692"/>
  <system-out/>
  <testcase classname="restAssuredTestPractice.Tests_GET" name="test_5_PATCH" time="3.783"/>
  <system-out/>
  <testcase classname="restAssuredTestPractice.Tests_GET" name="test_01_GET" time="2.326"/>
  <system-out/>
  <testcase classname="restAssuredTestPractice.Tests_GET" name="test_02_GET" time="0.283"/>
  <system-out/>
  <testcase classname="restAssuredTestPractice.Tests_GET" name="test_6_DELETE" time="0.754"/>
  <system-out/>
</testsuite> <!-- restAssuredTestPractice.Tests_GET -->
