<?xml version="1.0" encoding="UTF-8"?>
<!-- Generated by org.testng.reporters.JUnitReportReporter -->
<testsuite hostname="L-TEC-ERP-073" failures="0" tests="5" name="restAssuredTestPractice.DataDrivenExample1" time="1.472" errors="0" timestamp="2021-02-27T23:34:42 BDT" skipped="0">
  <testcase classname="restAssuredTestPractice.DataDrivenExample1" name="test_2_post" time="1.260"/>
  <system-out/>
  <testcase classname="restAssuredTestPractice.DataDrivenExample1" name="test_2_post" time="0.047"/>
  <system-out/>
  <testcase classname="restAssuredTestPractice.DataDrivenExample1" name="test_5_delete" time="0.060"/>
  <system-out/>
  <testcase classname="restAssuredTestPractice.DataDrivenExample1" name="test_5_delete" time="0.047"/>
  <system-out/>
  <testcase classname="restAssuredTestPractice.DataDrivenExample1" name="test_5_delete2" time="0.058"/>
  <system-out/>
</testsuite> <!-- restAssuredTestPractice.DataDrivenExample1 -->
